2017-08-27 10:01:39 INFO  App:15 - Hello World
2017-08-27 10:06:56 INFO  App:15 - Hello World
2017-08-27 10:10:45 INFO  App:15 - Hello World
2017-08-27 10:30:33 INFO  App:15 - msg info
2017-08-27 10:30:33 WARN  App:16 - msg warn
2017-08-27 10:30:33 ERROR App:17 - msg error
2017-08-27 10:31:04 INFO  App:15 - msg info
2017-08-27 10:31:04 WARN  App:16 - msg warn
2017-08-27 10:31:04 ERROR App:17 - msg error
2017-08-27 10:41:46 TRACE App:14 - msg trace
2017-08-27 10:41:46 DEBUG App:15 - msg degug
2017-08-27 10:41:46 INFO  App:16 - msg info
2017-08-27 10:41:46 WARN  App:17 - msg warn
2017-08-27 10:41:46 ERROR App:18 - msg error
2017-08-27 10:42:30 INFO  App:16 - msg info
2017-08-27 10:42:30 WARN  App:17 - msg warn
2017-08-27 10:42:30 ERROR App:18 - msg error
2017-08-27 10:43:09 DEBUG App:15 - msg degug
2017-08-27 10:43:09 INFO  App:16 - msg info
2017-08-27 10:43:09 WARN  App:17 - msg warn
2017-08-27 10:43:09 ERROR App:18 - msg error
